-------------------------------------------------------------------------------
Test set: com.example.springboot.SpringbootApplicationTests
-------------------------------------------------------------------------------
Tests run: 1, Failures: 0, Errors: 1, Skipped: 0, Time elapsed: 1.355 s <<< FAILURE! - in com.example.springboot.SpringbootApplicationTests
contextLoads  Time elapsed: 0.001 s  <<< ERROR!
java.lang.IllegalStateException: Failed to load ApplicationContext
Caused by: org.springframework.beans.factory.UnsatisfiedDependencyException: Error creating bean with name 'helloController': Unsatisfied dependency expressed through field 'author'; nested exception is org.springframework.boot.context.properties.ConfigurationPropertiesBindException: Error creating bean with name 'author': Could not bind properties to 'author' : prefix=author, ignoreInvalidFields=false, ignoreUnknownFields=true; nested exception is org.springframework.boot.context.properties.bind.BindException: Failed to bind properties under 'author' to com.example.springboot.author
Caused by: org.springframework.boot.context.properties.ConfigurationPropertiesBindException: Error creating bean with name 'author': Could not bind properties to 'author' : prefix=author, ignoreInvalidFields=false, ignoreUnknownFields=true; nested exception is org.springframework.boot.context.properties.bind.BindException: Failed to bind properties under 'author' to com.example.springboot.author
Caused by: org.springframework.boot.context.properties.bind.BindException: Failed to bind properties under 'author' to com.example.springboot.author
Caused by: java.lang.IllegalStateException: No setter found for property: name

